<?xml version="1.0" encoding="UTF-8"?>
<testsuites name="jest tests" tests="53" failures="0" errors="0" time="3.645">
  <testsuite name="Workflow Orchestration E2E Tests" errors="0" failures="0" skipped="13" timestamp="2025-06-22T16:57:46" time="2.781" tests="13">
    <testcase classname="Workflow Orchestration E2E Tests › 🏗️ Property Creation Workflow" name="should orchestrate complete property creation flow" time="0">
      <skipped/>
    </testcase>
    <testcase classname="Workflow Orchestration E2E Tests › 🌐 DNS Migration Workflow" name="should orchestrate DNS migration with safety checks" time="0">
      <skipped/>
    </testcase>
    <testcase classname="Workflow Orchestration E2E Tests › 🛡️ Security Incident Response Workflow" name="should orchestrate immediate threat response" time="0">
      <skipped/>
    </testcase>
    <testcase classname="Workflow Orchestration E2E Tests › 📊 Performance Optimization Workflow" name="should orchestrate performance improvement workflow" time="0">
      <skipped/>
    </testcase>
    <testcase classname="Workflow Orchestration E2E Tests › 🔄 Cross-Domain Workflows" name="should coordinate multiple assistants for complex request" time="0">
      <skipped/>
    </testcase>
    <testcase classname="Workflow Orchestration E2E Tests › ⚡ Workflow Performance" name="should complete multi-step workflow within reasonable time" time="0">
      <skipped/>
    </testcase>
    <testcase classname="Workflow Orchestration E2E Tests › ⚡ Workflow Performance" name="should handle workflow errors gracefully" time="0">
      <skipped/>
    </testcase>
    <testcase classname="Workflow Orchestration E2E Tests › 🔐 Workflow Safety" name="should prevent dangerous operations in workflows" time="0">
      <skipped/>
    </testcase>
    <testcase classname="Workflow Orchestration E2E Tests › 🔐 Workflow Safety" name="should validate workflow prerequisites" time="0">
      <skipped/>
    </testcase>
    <testcase classname="Tool Chaining Integration Tests › 🔗 Sequential Tool Chaining" name="should pass context between chained tools" time="0">
      <skipped/>
    </testcase>
    <testcase classname="Tool Chaining Integration Tests › 🔀 Parallel Tool Execution" name="should execute independent tools in parallel" time="0">
      <skipped/>
    </testcase>
    <testcase classname="Tool Chaining Integration Tests › 🎭 Conditional Tool Chaining" name="should branch based on tool results" time="0">
      <skipped/>
    </testcase>
    <testcase classname="Tool Chaining Integration Tests › 🔁 Retry and Error Recovery" name="should handle transient errors in tool chains" time="0">
      <skipped/>
    </testcase>
  </testsuite>
  <testsuite name="Domain Assistants E2E Tests" errors="0" failures="0" skipped="20" timestamp="2025-06-22T16:57:48" time="0.046" tests="20">
    <testcase classname="Domain Assistants E2E Tests › 🏗️ Property &amp; Infrastructure Assistant" name="should handle e-commerce site launch request" time="0">
      <skipped/>
    </testcase>
    <testcase classname="Domain Assistants E2E Tests › 🏗️ Property &amp; Infrastructure Assistant" name="should adapt recommendations based on business type" time="0">
      <skipped/>
    </testcase>
    <testcase classname="Domain Assistants E2E Tests › 🏗️ Property &amp; Infrastructure Assistant" name="should handle technical details request" time="0">
      <skipped/>
    </testcase>
    <testcase classname="Domain Assistants E2E Tests › 🌐 DNS &amp; Domain Assistant" name="should provide safe migration plan from Cloudflare" time="0">
      <skipped/>
    </testcase>
    <testcase classname="Domain Assistants E2E Tests › 🌐 DNS &amp; Domain Assistant" name="should handle email setup request" time="0">
      <skipped/>
    </testcase>
    <testcase classname="Domain Assistants E2E Tests › 🌐 DNS &amp; Domain Assistant" name="should provide troubleshooting guidance" time="0">
      <skipped/>
    </testcase>
    <testcase classname="Domain Assistants E2E Tests › 🛡️ Security &amp; Compliance Assistant" name="should handle PCI compliance request" time="0">
      <skipped/>
    </testcase>
    <testcase classname="Domain Assistants E2E Tests › 🛡️ Security &amp; Compliance Assistant" name="should handle active threat response" time="0">
      <skipped/>
    </testcase>
    <testcase classname="Domain Assistants E2E Tests › 🛡️ Security &amp; Compliance Assistant" name="should provide security ROI analysis" time="0">
      <skipped/>
    </testcase>
    <testcase classname="Domain Assistants E2E Tests › 📊 Performance &amp; Analytics Assistant" name="should analyze checkout performance" time="0">
      <skipped/>
    </testcase>
    <testcase classname="Domain Assistants E2E Tests › 📊 Performance &amp; Analytics Assistant" name="should provide real-time performance status" time="0">
      <skipped/>
    </testcase>
    <testcase classname="Domain Assistants E2E Tests › 📊 Performance &amp; Analytics Assistant" name="should calculate ROI for improvements" time="0">
      <skipped/>
    </testcase>
    <testcase classname="Domain Assistants E2E Tests › 🔄 Cross-Domain Workflows" name="should handle multi-domain request intelligently" time="0">
      <skipped/>
    </testcase>
    <testcase classname="Domain Assistants E2E Tests › 🎯 Intent Recognition" name="should handle various ways of expressing the same intent" time="0">
      <skipped/>
    </testcase>
    <testcase classname="Domain Assistants E2E Tests › 🛡️ Safety and Validation" name="DNS assistant should validate risky operations" time="0">
      <skipped/>
    </testcase>
    <testcase classname="Domain Assistants E2E Tests › 🛡️ Safety and Validation" name="Security assistant should not auto-apply in test mode" time="0">
      <skipped/>
    </testcase>
    <testcase classname="Workflow Orchestration E2E Tests › 🔄 Property Workflow Integration" name="should execute property creation workflow" time="0">
      <skipped/>
    </testcase>
    <testcase classname="Workflow Orchestration E2E Tests › 🔄 Property Workflow Integration" name="should handle hostname management workflow" time="0">
      <skipped/>
    </testcase>
    <testcase classname="Workflow Orchestration E2E Tests › 🚀 Performance Optimization" name="domain assistants should respond quickly" time="0">
      <skipped/>
    </testcase>
    <testcase classname="Workflow Orchestration E2E Tests › 🚀 Performance Optimization" name="should handle concurrent domain assistant requests" time="0">
      <skipped/>
    </testcase>
  </testsuite>
  <testsuite name="🌟 MCP Server End-to-End Tests" errors="0" failures="0" skipped="14" timestamp="2025-06-22T16:57:48" time="0.136" tests="14">
    <testcase classname="🌟 MCP Server End-to-End Tests › 🔌 Server Initialization" name="should respond to initialization request" time="0">
      <skipped/>
    </testcase>
    <testcase classname="🌟 MCP Server End-to-End Tests › 🛠️ Tool Discovery" name="should list all available tools" time="0">
      <skipped/>
    </testcase>
    <testcase classname="🌟 MCP Server End-to-End Tests › 🛠️ Tool Discovery" name="should have correct schema for each tool" time="0">
      <skipped/>
    </testcase>
    <testcase classname="🌟 MCP Server End-to-End Tests › 🎯 Core Tool Execution" name="should execute list_contracts tool" time="0">
      <skipped/>
    </testcase>
    <testcase classname="🌟 MCP Server End-to-End Tests › 🎯 Core Tool Execution" name="should handle tool with required parameters" time="0">
      <skipped/>
    </testcase>
    <testcase classname="🌟 MCP Server End-to-End Tests › 🎯 Core Tool Execution" name="should provide helpful error for missing parameters" time="0">
      <skipped/>
    </testcase>
    <testcase classname="🌟 MCP Server End-to-End Tests › 🎨 UX Validation - Alex&apos;s Specialty!" name="should handle natural language-style requests gracefully" time="0">
      <skipped/>
    </testcase>
    <testcase classname="🌟 MCP Server End-to-End Tests › 🎨 UX Validation - Alex&apos;s Specialty!" name="should maintain context across multiple tool calls" time="0">
      <skipped/>
    </testcase>
    <testcase classname="🌟 MCP Server End-to-End Tests › 🎨 UX Validation - Alex&apos;s Specialty!" name="should provide clear guidance in responses" time="0">
      <skipped/>
    </testcase>
    <testcase classname="🌟 MCP Server End-to-End Tests › 🔄 Workflow Integration" name="should support property management workflow" time="0">
      <skipped/>
    </testcase>
    <testcase classname="🌟 MCP Server End-to-End Tests › 🛡️ Error Handling and Resilience" name="should handle invalid tool names gracefully" time="0">
      <skipped/>
    </testcase>
    <testcase classname="🌟 MCP Server End-to-End Tests › 🛡️ Error Handling and Resilience" name="should validate input parameters" time="0">
      <skipped/>
    </testcase>
    <testcase classname="🌟 MCP Server End-to-End Tests › 📊 Performance and Scalability" name="should handle multiple concurrent requests" time="0">
      <skipped/>
    </testcase>
    <testcase classname="🌟 MCP Server End-to-End Tests › 📊 Performance and Scalability" name="should respond within reasonable time" time="0">
      <skipped/>
    </testcase>
  </testsuite>
  <testsuite name="Basic Domain Assistant Test" errors="0" failures="0" skipped="6" timestamp="2025-06-22T16:57:49" time="0.038" tests="6">
    <testcase classname="Basic Domain Assistant Test" name="should list domain assistant tools" time="0">
      <skipped/>
    </testcase>
    <testcase classname="Basic Domain Assistant Test" name="should respond to property assistant" time="0">
      <skipped/>
    </testcase>
    <testcase classname="Basic Domain Assistant Test" name="should respond to dns assistant" time="0">
      <skipped/>
    </testcase>
    <testcase classname="Basic Domain Assistant Test" name="should respond to security assistant" time="0">
      <skipped/>
    </testcase>
    <testcase classname="Basic Domain Assistant Test" name="should respond to performance assistant" time="0">
      <skipped/>
    </testcase>
    <testcase classname="Basic Domain Assistant Test" name="assistants should provide actionable guidance" time="0">
      <skipped/>
    </testcase>
  </testsuite>
</testsuites>